Arguments: 
  C:\Program Files\nodejs\node.exe C:\Users\admin\AppData\Roaming\npm\node_modules\yarn\bin\yarn.js install

PATH: 
  C:\Users\admin\bin;C:\Program Files\Git\mingw64\bin;C:\Program Files\Git\usr\local\bin;C:\Program Files\Git\usr\bin;C:\Program Files\Git\usr\bin;C:\Program Files\Git\mingw64\bin;C:\Program Files\Git\usr\bin;C:\Users\admin\bin;C:\Windows\system32;C:\Windows;C:\Windows\System32\Wbem;C:\Windows\System32\WindowsPowerShell\v1.0;C:\Windows\System32\OpenSSH;C:\Program Files (x86)\NVIDIA Corporation\PhysX\Common;C:\Program Files\nodejs;C:\Program Files (x86)\dotnet;C:\Program Files\Git\cmd;C:\Program Files\dotnet;C:\Program Files\Microsoft SQL Server\130\Tools\Binn;C:\Program Files\MongoDB\Server\4.0\bin;C:\Users\admin\AppData\Local\Microsoft\WindowsApps;C:\Users\admin\AppData\Roaming\npm;C:\Users\admin\AppData\Local\Programs\Microsoft VS Code\bin;C:\Users\admin\AppData\Local\GitHubDesktop\bin;C:\Program Files\Git\usr\bin\vendor_perl;C:\Program Files\Git\usr\bin\core_perl

Yarn version: 
  1.22.11

Node version: 
  14.17.4

Platform: 
  win32 x64

Trace: 
  Error: https://registry.yarnpkg.com/eslint-plugin-prettiyer: Not found
      at Request.params.callback [as _callback] (C:\Users\admin\AppData\Roaming\npm\node_modules\yarn\lib\cli.js:66992:18)
      at Request.self.callback (C:\Users\admin\AppData\Roaming\npm\node_modules\yarn\lib\cli.js:140763:22)
      at Request.emit (events.js:400:28)
      at Request.<anonymous> (C:\Users\admin\AppData\Roaming\npm\node_modules\yarn\lib\cli.js:141735:10)
      at Request.emit (events.js:400:28)
      at IncomingMessage.<anonymous> (C:\Users\admin\AppData\Roaming\npm\node_modules\yarn\lib\cli.js:141657:12)
      at Object.onceWrapper (events.js:519:28)
      at IncomingMessage.emit (events.js:412:35)
      at endReadableNT (internal/streams/readable.js:1317:12)
      at processTicksAndRejections (internal/process/task_queues.js:82:21)

npm manifest: 
  {
    "name": "starter",
    "version": "1.0.0",
    "description": "learning node, express, mongodb",
    "main": "index.js",
    "scripts": {
      "start": "nodemon server.js",
      "start:prod": "set NODE_ENV=production&& nodemon server.js",
      "debug": "ndb sever.js"
    },
    "author": "Duc",
    "license": "ISC",
    "dependencies": {
      "dotenv": "^10.0.0",
      "express": "^4.17.1",
      "mongoose": "^5.13.10",
      "morgan": "^1.10.0",
      "nodemon": "^2.0.13",
      "slugify": "^1.6.1",
      "validator": "^13.6.0"
    },
    "devDependencies": {
      "eslint": "^5.16.0",
      "eslint-config-airbnb": "^17.1.0",
      "eslint-config-prettier": "^4.1.0",
      "eslint-plugin-import": "^2.17.2",
      "eslint-plugin-jsx-a11y": "^6.2.1",
      "eslint-plugin-node": "^8.0.1",
      "eslint-plugin-prettiyer": "^3.0.1",
      "eslint-plugin-react": "^7.12.4",
      "prettier": "^1.17.0"
    },
    "engines": {
      "node": ">=10.0.0"
    }
  }

yarn manifest: 
  No manifest

Lockfile: 
  No lockfile
